<?xml version="1.0" encoding="UTF-8"?>
<testsuite xmlns:xsi="http://www.w3.org/2001/XMLSchema-instance" xsi:noNamespaceSchemaLocation="https://maven.apache.org/surefire/maven-surefire-plugin/xsd/surefire-test-report.xsd" name="com.itprofaceshow.ItproFaceshowApplicationTests" time="11.028" tests="1" errors="0" skipped="0" failures="0">
  <properties>
    <property name="sun.desktop" value="gnome"/>
    <property name="awt.toolkit" value="sun.awt.X11.XToolkit"/>
    <property name="java.specification.version" value="11"/>
    <property name="sun.cpu.isalist" value=""/>
    <property name="sun.jnu.encoding" value="UTF-8"/>
    <property name="java.class.path" value="/media/DATA/IntelliJ_workspace/itpro-faceshow/target/test-classes:/media/DATA/IntelliJ_workspace/itpro-faceshow/target/classes:/home/caodinhsyvy/.m2/repository/org/springframework/boot/spring-boot-starter-tomcat/2.6.0-SNAPSHOT/spring-boot-starter-tomcat-2.6.0-SNAPSHOT.jar:/home/caodinhsyvy/.m2/repository/jakarta/annotation/jakarta.annotation-api/1.3.5/jakarta.annotation-api-1.3.5.jar:/home/caodinhsyvy/.m2/repository/org/apache/tomcat/embed/tomcat-embed-core/9.0.54/tomcat-embed-core-9.0.54.jar:/home/caodinhsyvy/.m2/repository/org/apache/tomcat/embed/tomcat-embed-el/9.0.54/tomcat-embed-el-9.0.54.jar:/home/caodinhsyvy/.m2/repository/org/apache/tomcat/embed/tomcat-embed-websocket/9.0.54/tomcat-embed-websocket-9.0.54.jar:/home/caodinhsyvy/.m2/repository/org/springframework/boot/spring-boot-starter/2.6.0-SNAPSHOT/spring-boot-starter-2.6.0-SNAPSHOT.jar:/home/caodinhsyvy/.m2/repository/org/springframework/boot/spring-boot/2.6.0-SNAPSHOT/spring-boot-2.6.0-SNAPSHOT.jar:/home/caodinhsyvy/.m2/repository/org/springframework/spring-context/5.3.13-SNAPSHOT/spring-context-5.3.13-SNAPSHOT.jar:/home/caodinhsyvy/.m2/repository/org/springframework/boot/spring-boot-autoconfigure/2.6.0-SNAPSHOT/spring-boot-autoconfigure-2.6.0-SNAPSHOT.jar:/home/caodinhsyvy/.m2/repository/org/springframework/boot/spring-boot-starter-logging/2.6.0-SNAPSHOT/spring-boot-starter-logging-2.6.0-SNAPSHOT.jar:/home/caodinhsyvy/.m2/repository/ch/qos/logback/logback-classic/1.2.6/logback-classic-1.2.6.jar:/home/caodinhsyvy/.m2/repository/ch/qos/logback/logback-core/1.2.6/logback-core-1.2.6.jar:/home/caodinhsyvy/.m2/repository/org/apache/logging/log4j/log4j-to-slf4j/2.14.1/log4j-to-slf4j-2.14.1.jar:/home/caodinhsyvy/.m2/repository/org/apache/logging/log4j/log4j-api/2.14.1/log4j-api-2.14.1.jar:/home/caodinhsyvy/.m2/repository/org/slf4j/jul-to-slf4j/1.7.32/jul-to-slf4j-1.7.32.jar:/home/caodinhsyvy/.m2/repository/org/springframework/spring-core/5.3.13-SNAPSHOT/spring-core-5.3.13-SNAPSHOT.jar:/home/caodinhsyvy/.m2/repository/org/springframework/spring-jcl/5.3.13-SNAPSHOT/spring-jcl-5.3.13-SNAPSHOT.jar:/home/caodinhsyvy/.m2/repository/org/yaml/snakeyaml/1.29/snakeyaml-1.29.jar:/home/caodinhsyvy/.m2/repository/org/springframework/boot/spring-boot-starter-test/2.6.0-SNAPSHOT/spring-boot-starter-test-2.6.0-SNAPSHOT.jar:/home/caodinhsyvy/.m2/repository/org/springframework/boot/spring-boot-test/2.6.0-SNAPSHOT/spring-boot-test-2.6.0-SNAPSHOT.jar:/home/caodinhsyvy/.m2/repository/org/springframework/boot/spring-boot-test-autoconfigure/2.6.0-SNAPSHOT/spring-boot-test-autoconfigure-2.6.0-SNAPSHOT.jar:/home/caodinhsyvy/.m2/repository/com/jayway/jsonpath/json-path/2.6.0/json-path-2.6.0.jar:/home/caodinhsyvy/.m2/repository/jakarta/xml/bind/jakarta.xml.bind-api/2.3.3/jakarta.xml.bind-api-2.3.3.jar:/home/caodinhsyvy/.m2/repository/jakarta/activation/jakarta.activation-api/1.2.2/jakarta.activation-api-1.2.2.jar:/home/caodinhsyvy/.m2/repository/org/assertj/assertj-core/3.21.0/assertj-core-3.21.0.jar:/home/caodinhsyvy/.m2/repository/org/hamcrest/hamcrest/2.2/hamcrest-2.2.jar:/home/caodinhsyvy/.m2/repository/org/junit/jupiter/junit-jupiter/5.8.1/junit-jupiter-5.8.1.jar:/home/caodinhsyvy/.m2/repository/org/junit/jupiter/junit-jupiter-api/5.8.1/junit-jupiter-api-5.8.1.jar:/home/caodinhsyvy/.m2/repository/org/opentest4j/opentest4j/1.2.0/opentest4j-1.2.0.jar:/home/caodinhsyvy/.m2/repository/org/junit/platform/junit-platform-commons/1.8.1/junit-platform-commons-1.8.1.jar:/home/caodinhsyvy/.m2/repository/org/apiguardian/apiguardian-api/1.1.2/apiguardian-api-1.1.2.jar:/home/caodinhsyvy/.m2/repository/org/junit/jupiter/junit-jupiter-params/5.8.1/junit-jupiter-params-5.8.1.jar:/home/caodinhsyvy/.m2/repository/org/junit/jupiter/junit-jupiter-engine/5.8.1/junit-jupiter-engine-5.8.1.jar:/home/caodinhsyvy/.m2/repository/org/junit/platform/junit-platform-engine/1.8.1/junit-platform-engine-1.8.1.jar:/home/caodinhsyvy/.m2/repository/org/mockito/mockito-core/4.0.0/mockito-core-4.0.0.jar:/home/caodinhsyvy/.m2/repository/net/bytebuddy/byte-buddy/1.11.21/byte-buddy-1.11.21.jar:/home/caodinhsyvy/.m2/repository/net/bytebuddy/byte-buddy-agent/1.11.21/byte-buddy-agent-1.11.21.jar:/home/caodinhsyvy/.m2/repository/org/objenesis/objenesis/3.2/objenesis-3.2.jar:/home/caodinhsyvy/.m2/repository/org/mockito/mockito-junit-jupiter/4.0.0/mockito-junit-jupiter-4.0.0.jar:/home/caodinhsyvy/.m2/repository/org/skyscreamer/jsonassert/1.5.0/jsonassert-1.5.0.jar:/home/caodinhsyvy/.m2/repository/com/vaadin/external/google/android-json/0.0.20131108.vaadin1/android-json-0.0.20131108.vaadin1.jar:/home/caodinhsyvy/.m2/repository/org/springframework/spring-test/5.3.13-SNAPSHOT/spring-test-5.3.13-SNAPSHOT.jar:/home/caodinhsyvy/.m2/repository/org/xmlunit/xmlunit-core/2.8.3/xmlunit-core-2.8.3.jar:/home/caodinhsyvy/.m2/repository/org/springframework/boot/spring-boot-starter-web/2.6.0-SNAPSHOT/spring-boot-starter-web-2.6.0-SNAPSHOT.jar:/home/caodinhsyvy/.m2/repository/org/springframework/boot/spring-boot-starter-json/2.6.0-SNAPSHOT/spring-boot-starter-json-2.6.0-SNAPSHOT.jar:/home/caodinhsyvy/.m2/repository/com/fasterxml/jackson/core/jackson-databind/2.13.0/jackson-databind-2.13.0.jar:/home/caodinhsyvy/.m2/repository/com/fasterxml/jackson/core/jackson-annotations/2.13.0/jackson-annotations-2.13.0.jar:/home/caodinhsyvy/.m2/repository/com/fasterxml/jackson/datatype/jackson-datatype-jdk8/2.13.0/jackson-datatype-jdk8-2.13.0.jar:/home/caodinhsyvy/.m2/repository/com/fasterxml/jackson/datatype/jackson-datatype-jsr310/2.13.0/jackson-datatype-jsr310-2.13.0.jar:/home/caodinhsyvy/.m2/repository/com/fasterxml/jackson/module/jackson-module-parameter-names/2.13.0/jackson-module-parameter-names-2.13.0.jar:/home/caodinhsyvy/.m2/repository/org/springframework/spring-web/5.3.13-SNAPSHOT/spring-web-5.3.13-SNAPSHOT.jar:/home/caodinhsyvy/.m2/repository/org/springframework/spring-beans/5.3.13-SNAPSHOT/spring-beans-5.3.13-SNAPSHOT.jar:/home/caodinhsyvy/.m2/repository/org/springframework/spring-webmvc/5.3.13-SNAPSHOT/spring-webmvc-5.3.13-SNAPSHOT.jar:/home/caodinhsyvy/.m2/repository/org/springframework/spring-aop/5.3.13-SNAPSHOT/spring-aop-5.3.13-SNAPSHOT.jar:/home/caodinhsyvy/.m2/repository/org/springframework/spring-expression/5.3.13-SNAPSHOT/spring-expression-5.3.13-SNAPSHOT.jar:/home/caodinhsyvy/.m2/repository/mysql/mysql-connector-java/8.0.27/mysql-connector-java-8.0.27.jar:/home/caodinhsyvy/.m2/repository/org/springframework/boot/spring-boot-starter-data-jpa/2.6.0-SNAPSHOT/spring-boot-starter-data-jpa-2.6.0-SNAPSHOT.jar:/home/caodinhsyvy/.m2/repository/org/springframework/boot/spring-boot-starter-aop/2.6.0-SNAPSHOT/spring-boot-starter-aop-2.6.0-SNAPSHOT.jar:/home/caodinhsyvy/.m2/repository/org/aspectj/aspectjweaver/1.9.7/aspectjweaver-1.9.7.jar:/home/caodinhsyvy/.m2/repository/org/springframework/boot/spring-boot-starter-jdbc/2.6.0-SNAPSHOT/spring-boot-starter-jdbc-2.6.0-SNAPSHOT.jar:/home/caodinhsyvy/.m2/repository/com/zaxxer/HikariCP/4.0.3/HikariCP-4.0.3.jar:/home/caodinhsyvy/.m2/repository/org/springframework/spring-jdbc/5.3.13-SNAPSHOT/spring-jdbc-5.3.13-SNAPSHOT.jar:/home/caodinhsyvy/.m2/repository/jakarta/transaction/jakarta.transaction-api/1.3.3/jakarta.transaction-api-1.3.3.jar:/home/caodinhsyvy/.m2/repository/jakarta/persistence/jakarta.persistence-api/2.2.3/jakarta.persistence-api-2.2.3.jar:/home/caodinhsyvy/.m2/repository/org/hibernate/hibernate-core/5.6.0.Final/hibernate-core-5.6.0.Final.jar:/home/caodinhsyvy/.m2/repository/org/jboss/logging/jboss-logging/3.4.2.Final/jboss-logging-3.4.2.Final.jar:/home/caodinhsyvy/.m2/repository/antlr/antlr/2.7.7/antlr-2.7.7.jar:/home/caodinhsyvy/.m2/repository/org/jboss/jandex/2.2.3.Final/jandex-2.2.3.Final.jar:/home/caodinhsyvy/.m2/repository/com/fasterxml/classmate/1.5.1/classmate-1.5.1.jar:/home/caodinhsyvy/.m2/repository/org/hibernate/common/hibernate-commons-annotations/5.1.2.Final/hibernate-commons-annotations-5.1.2.Final.jar:/home/caodinhsyvy/.m2/repository/org/glassfish/jaxb/jaxb-runtime/2.3.5/jaxb-runtime-2.3.5.jar:/home/caodinhsyvy/.m2/repository/org/glassfish/jaxb/txw2/2.3.5/txw2-2.3.5.jar:/home/caodinhsyvy/.m2/repository/com/sun/istack/istack-commons-runtime/3.0.12/istack-commons-runtime-3.0.12.jar:/home/caodinhsyvy/.m2/repository/com/sun/activation/jakarta.activation/1.2.2/jakarta.activation-1.2.2.jar:/home/caodinhsyvy/.m2/repository/org/springframework/data/spring-data-jpa/2.6.0-SNAPSHOT/spring-data-jpa-2.6.0-SNAPSHOT.jar:/home/caodinhsyvy/.m2/repository/org/springframework/data/spring-data-commons/2.6.0-SNAPSHOT/spring-data-commons-2.6.0-SNAPSHOT.jar:/home/caodinhsyvy/.m2/repository/org/springframework/spring-orm/5.3.13-SNAPSHOT/spring-orm-5.3.13-SNAPSHOT.jar:/home/caodinhsyvy/.m2/repository/org/springframework/spring-tx/5.3.13-SNAPSHOT/spring-tx-5.3.13-SNAPSHOT.jar:/home/caodinhsyvy/.m2/repository/org/springframework/spring-aspects/5.3.13-SNAPSHOT/spring-aspects-5.3.13-SNAPSHOT.jar:/home/caodinhsyvy/.m2/repository/org/projectlombok/lombok/1.18.22/lombok-1.18.22.jar:/home/caodinhsyvy/.m2/repository/org/modelmapper/modelmapper/2.3.5/modelmapper-2.3.5.jar:/home/caodinhsyvy/.m2/repository/com/nimbusds/nimbus-jose-jwt/8.8/nimbus-jose-jwt-8.8.jar:/home/caodinhsyvy/.m2/repository/com/github/stephenc/jcip/jcip-annotations/1.0-1/jcip-annotations-1.0-1.jar:/home/caodinhsyvy/.m2/repository/net/minidev/json-smart/2.4.7/json-smart-2.4.7.jar:/home/caodinhsyvy/.m2/repository/net/minidev/accessors-smart/2.4.7/accessors-smart-2.4.7.jar:/home/caodinhsyvy/.m2/repository/org/ow2/asm/asm/9.1/asm-9.1.jar:/home/caodinhsyvy/.m2/repository/org/springframework/boot/spring-boot-starter-websocket/2.6.0-SNAPSHOT/spring-boot-starter-websocket-2.6.0-SNAPSHOT.jar:/home/caodinhsyvy/.m2/repository/org/springframework/spring-messaging/5.3.13-SNAPSHOT/spring-messaging-5.3.13-SNAPSHOT.jar:/home/caodinhsyvy/.m2/repository/org/springframework/spring-websocket/5.3.13-SNAPSHOT/spring-websocket-5.3.13-SNAPSHOT.jar:/home/caodinhsyvy/.m2/repository/org/webjars/webjars-locator-core/0.48/webjars-locator-core-0.48.jar:/home/caodinhsyvy/.m2/repository/org/slf4j/slf4j-api/1.7.32/slf4j-api-1.7.32.jar:/home/caodinhsyvy/.m2/repository/io/github/classgraph/classgraph/4.8.115/classgraph-4.8.115.jar:/home/caodinhsyvy/.m2/repository/com/fasterxml/jackson/core/jackson-core/2.13.0/jackson-core-2.13.0.jar:/home/caodinhsyvy/.m2/repository/org/webjars/sockjs-client/1.0.2/sockjs-client-1.0.2.jar:/home/caodinhsyvy/.m2/repository/org/webjars/stomp-websocket/2.3.3/stomp-websocket-2.3.3.jar:/home/caodinhsyvy/.m2/repository/org/webjars/bootstrap/3.3.7/bootstrap-3.3.7.jar:/home/caodinhsyvy/.m2/repository/org/webjars/jquery/3.1.1-1/jquery-3.1.1-1.jar:/home/caodinhsyvy/.m2/repository/org/postgresql/postgresql/9.4-1206-jdbc42/postgresql-9.4-1206-jdbc42.jar:"/>
    <property name="java.vm.vendor" value="Ubuntu"/>
    <property name="sun.arch.data.model" value="64"/>
    <property name="java.vendor.url" value="https://ubuntu.com/"/>
    <property name="user.timezone" value=""/>
    <property name="java.vm.specification.version" value="11"/>
    <property name="os.name" value="Linux"/>
    <property name="sun.java.launcher" value="SUN_STANDARD"/>
    <property name="user.country" value="US"/>
    <property name="sun.boot.library.path" value="/usr/lib/jvm/java-11-openjdk-amd64/lib"/>
    <property name="sun.java.command" value="/media/DATA/IntelliJ_workspace/itpro-faceshow/target/surefire/surefirebooter3931759821612462632.jar /media/DATA/IntelliJ_workspace/itpro-faceshow/target/surefire 2021-11-08T23-29-13_147-jvmRun1 surefire10780539309438536897tmp surefire_02662268559719966417tmp"/>
    <property name="jdk.debug" value="release"/>
    <property name="surefire.test.class.path" value="/media/DATA/IntelliJ_workspace/itpro-faceshow/target/test-classes:/media/DATA/IntelliJ_workspace/itpro-faceshow/target/classes:/home/caodinhsyvy/.m2/repository/org/springframework/boot/spring-boot-starter-tomcat/2.6.0-SNAPSHOT/spring-boot-starter-tomcat-2.6.0-SNAPSHOT.jar:/home/caodinhsyvy/.m2/repository/jakarta/annotation/jakarta.annotation-api/1.3.5/jakarta.annotation-api-1.3.5.jar:/home/caodinhsyvy/.m2/repository/org/apache/tomcat/embed/tomcat-embed-core/9.0.54/tomcat-embed-core-9.0.54.jar:/home/caodinhsyvy/.m2/repository/org/apache/tomcat/embed/tomcat-embed-el/9.0.54/tomcat-embed-el-9.0.54.jar:/home/caodinhsyvy/.m2/repository/org/apache/tomcat/embed/tomcat-embed-websocket/9.0.54/tomcat-embed-websocket-9.0.54.jar:/home/caodinhsyvy/.m2/repository/org/springframework/boot/spring-boot-starter/2.6.0-SNAPSHOT/spring-boot-starter-2.6.0-SNAPSHOT.jar:/home/caodinhsyvy/.m2/repository/org/springframework/boot/spring-boot/2.6.0-SNAPSHOT/spring-boot-2.6.0-SNAPSHOT.jar:/home/caodinhsyvy/.m2/repository/org/springframework/spring-context/5.3.13-SNAPSHOT/spring-context-5.3.13-SNAPSHOT.jar:/home/caodinhsyvy/.m2/repository/org/springframework/boot/spring-boot-autoconfigure/2.6.0-SNAPSHOT/spring-boot-autoconfigure-2.6.0-SNAPSHOT.jar:/home/caodinhsyvy/.m2/repository/org/springframework/boot/spring-boot-starter-logging/2.6.0-SNAPSHOT/spring-boot-starter-logging-2.6.0-SNAPSHOT.jar:/home/caodinhsyvy/.m2/repository/ch/qos/logback/logback-classic/1.2.6/logback-classic-1.2.6.jar:/home/caodinhsyvy/.m2/repository/ch/qos/logback/logback-core/1.2.6/logback-core-1.2.6.jar:/home/caodinhsyvy/.m2/repository/org/apache/logging/log4j/log4j-to-slf4j/2.14.1/log4j-to-slf4j-2.14.1.jar:/home/caodinhsyvy/.m2/repository/org/apache/logging/log4j/log4j-api/2.14.1/log4j-api-2.14.1.jar:/home/caodinhsyvy/.m2/repository/org/slf4j/jul-to-slf4j/1.7.32/jul-to-slf4j-1.7.32.jar:/home/caodinhsyvy/.m2/repository/org/springframework/spring-core/5.3.13-SNAPSHOT/spring-core-5.3.13-SNAPSHOT.jar:/home/caodinhsyvy/.m2/repository/org/springframework/spring-jcl/5.3.13-SNAPSHOT/spring-jcl-5.3.13-SNAPSHOT.jar:/home/caodinhsyvy/.m2/repository/org/yaml/snakeyaml/1.29/snakeyaml-1.29.jar:/home/caodinhsyvy/.m2/repository/org/springframework/boot/spring-boot-starter-test/2.6.0-SNAPSHOT/spring-boot-starter-test-2.6.0-SNAPSHOT.jar:/home/caodinhsyvy/.m2/repository/org/springframework/boot/spring-boot-test/2.6.0-SNAPSHOT/spring-boot-test-2.6.0-SNAPSHOT.jar:/home/caodinhsyvy/.m2/repository/org/springframework/boot/spring-boot-test-autoconfigure/2.6.0-SNAPSHOT/spring-boot-test-autoconfigure-2.6.0-SNAPSHOT.jar:/home/caodinhsyvy/.m2/repository/com/jayway/jsonpath/json-path/2.6.0/json-path-2.6.0.jar:/home/caodinhsyvy/.m2/repository/jakarta/xml/bind/jakarta.xml.bind-api/2.3.3/jakarta.xml.bind-api-2.3.3.jar:/home/caodinhsyvy/.m2/repository/jakarta/activation/jakarta.activation-api/1.2.2/jakarta.activation-api-1.2.2.jar:/home/caodinhsyvy/.m2/repository/org/assertj/assertj-core/3.21.0/assertj-core-3.21.0.jar:/home/caodinhsyvy/.m2/repository/org/hamcrest/hamcrest/2.2/hamcrest-2.2.jar:/home/caodinhsyvy/.m2/repository/org/junit/jupiter/junit-jupiter/5.8.1/junit-jupiter-5.8.1.jar:/home/caodinhsyvy/.m2/repository/org/junit/jupiter/junit-jupiter-api/5.8.1/junit-jupiter-api-5.8.1.jar:/home/caodinhsyvy/.m2/repository/org/opentest4j/opentest4j/1.2.0/opentest4j-1.2.0.jar:/home/caodinhsyvy/.m2/repository/org/junit/platform/junit-platform-commons/1.8.1/junit-platform-commons-1.8.1.jar:/home/caodinhsyvy/.m2/repository/org/apiguardian/apiguardian-api/1.1.2/apiguardian-api-1.1.2.jar:/home/caodinhsyvy/.m2/repository/org/junit/jupiter/junit-jupiter-params/5.8.1/junit-jupiter-params-5.8.1.jar:/home/caodinhsyvy/.m2/repository/org/junit/jupiter/junit-jupiter-engine/5.8.1/junit-jupiter-engine-5.8.1.jar:/home/caodinhsyvy/.m2/repository/org/junit/platform/junit-platform-engine/1.8.1/junit-platform-engine-1.8.1.jar:/home/caodinhsyvy/.m2/repository/org/mockito/mockito-core/4.0.0/mockito-core-4.0.0.jar:/home/caodinhsyvy/.m2/repository/net/bytebuddy/byte-buddy/1.11.21/byte-buddy-1.11.21.jar:/home/caodinhsyvy/.m2/repository/net/bytebuddy/byte-buddy-agent/1.11.21/byte-buddy-agent-1.11.21.jar:/home/caodinhsyvy/.m2/repository/org/objenesis/objenesis/3.2/objenesis-3.2.jar:/home/caodinhsyvy/.m2/repository/org/mockito/mockito-junit-jupiter/4.0.0/mockito-junit-jupiter-4.0.0.jar:/home/caodinhsyvy/.m2/repository/org/skyscreamer/jsonassert/1.5.0/jsonassert-1.5.0.jar:/home/caodinhsyvy/.m2/repository/com/vaadin/external/google/android-json/0.0.20131108.vaadin1/android-json-0.0.20131108.vaadin1.jar:/home/caodinhsyvy/.m2/repository/org/springframework/spring-test/5.3.13-SNAPSHOT/spring-test-5.3.13-SNAPSHOT.jar:/home/caodinhsyvy/.m2/repository/org/xmlunit/xmlunit-core/2.8.3/xmlunit-core-2.8.3.jar:/home/caodinhsyvy/.m2/repository/org/springframework/boot/spring-boot-starter-web/2.6.0-SNAPSHOT/spring-boot-starter-web-2.6.0-SNAPSHOT.jar:/home/caodinhsyvy/.m2/repository/org/springframework/boot/spring-boot-starter-json/2.6.0-SNAPSHOT/spring-boot-starter-json-2.6.0-SNAPSHOT.jar:/home/caodinhsyvy/.m2/repository/com/fasterxml/jackson/core/jackson-databind/2.13.0/jackson-databind-2.13.0.jar:/home/caodinhsyvy/.m2/repository/com/fasterxml/jackson/core/jackson-annotations/2.13.0/jackson-annotations-2.13.0.jar:/home/caodinhsyvy/.m2/repository/com/fasterxml/jackson/datatype/jackson-datatype-jdk8/2.13.0/jackson-datatype-jdk8-2.13.0.jar:/home/caodinhsyvy/.m2/repository/com/fasterxml/jackson/datatype/jackson-datatype-jsr310/2.13.0/jackson-datatype-jsr310-2.13.0.jar:/home/caodinhsyvy/.m2/repository/com/fasterxml/jackson/module/jackson-module-parameter-names/2.13.0/jackson-module-parameter-names-2.13.0.jar:/home/caodinhsyvy/.m2/repository/org/springframework/spring-web/5.3.13-SNAPSHOT/spring-web-5.3.13-SNAPSHOT.jar:/home/caodinhsyvy/.m2/repository/org/springframework/spring-beans/5.3.13-SNAPSHOT/spring-beans-5.3.13-SNAPSHOT.jar:/home/caodinhsyvy/.m2/repository/org/springframework/spring-webmvc/5.3.13-SNAPSHOT/spring-webmvc-5.3.13-SNAPSHOT.jar:/home/caodinhsyvy/.m2/repository/org/springframework/spring-aop/5.3.13-SNAPSHOT/spring-aop-5.3.13-SNAPSHOT.jar:/home/caodinhsyvy/.m2/repository/org/springframework/spring-expression/5.3.13-SNAPSHOT/spring-expression-5.3.13-SNAPSHOT.jar:/home/caodinhsyvy/.m2/repository/mysql/mysql-connector-java/8.0.27/mysql-connector-java-8.0.27.jar:/home/caodinhsyvy/.m2/repository/org/springframework/boot/spring-boot-starter-data-jpa/2.6.0-SNAPSHOT/spring-boot-starter-data-jpa-2.6.0-SNAPSHOT.jar:/home/caodinhsyvy/.m2/repository/org/springframework/boot/spring-boot-starter-aop/2.6.0-SNAPSHOT/spring-boot-starter-aop-2.6.0-SNAPSHOT.jar:/home/caodinhsyvy/.m2/repository/org/aspectj/aspectjweaver/1.9.7/aspectjweaver-1.9.7.jar:/home/caodinhsyvy/.m2/repository/org/springframework/boot/spring-boot-starter-jdbc/2.6.0-SNAPSHOT/spring-boot-starter-jdbc-2.6.0-SNAPSHOT.jar:/home/caodinhsyvy/.m2/repository/com/zaxxer/HikariCP/4.0.3/HikariCP-4.0.3.jar:/home/caodinhsyvy/.m2/repository/org/springframework/spring-jdbc/5.3.13-SNAPSHOT/spring-jdbc-5.3.13-SNAPSHOT.jar:/home/caodinhsyvy/.m2/repository/jakarta/transaction/jakarta.transaction-api/1.3.3/jakarta.transaction-api-1.3.3.jar:/home/caodinhsyvy/.m2/repository/jakarta/persistence/jakarta.persistence-api/2.2.3/jakarta.persistence-api-2.2.3.jar:/home/caodinhsyvy/.m2/repository/org/hibernate/hibernate-core/5.6.0.Final/hibernate-core-5.6.0.Final.jar:/home/caodinhsyvy/.m2/repository/org/jboss/logging/jboss-logging/3.4.2.Final/jboss-logging-3.4.2.Final.jar:/home/caodinhsyvy/.m2/repository/antlr/antlr/2.7.7/antlr-2.7.7.jar:/home/caodinhsyvy/.m2/repository/org/jboss/jandex/2.2.3.Final/jandex-2.2.3.Final.jar:/home/caodinhsyvy/.m2/repository/com/fasterxml/classmate/1.5.1/classmate-1.5.1.jar:/home/caodinhsyvy/.m2/repository/org/hibernate/common/hibernate-commons-annotations/5.1.2.Final/hibernate-commons-annotations-5.1.2.Final.jar:/home/caodinhsyvy/.m2/repository/org/glassfish/jaxb/jaxb-runtime/2.3.5/jaxb-runtime-2.3.5.jar:/home/caodinhsyvy/.m2/repository/org/glassfish/jaxb/txw2/2.3.5/txw2-2.3.5.jar:/home/caodinhsyvy/.m2/repository/com/sun/istack/istack-commons-runtime/3.0.12/istack-commons-runtime-3.0.12.jar:/home/caodinhsyvy/.m2/repository/com/sun/activation/jakarta.activation/1.2.2/jakarta.activation-1.2.2.jar:/home/caodinhsyvy/.m2/repository/org/springframework/data/spring-data-jpa/2.6.0-SNAPSHOT/spring-data-jpa-2.6.0-SNAPSHOT.jar:/home/caodinhsyvy/.m2/repository/org/springframework/data/spring-data-commons/2.6.0-SNAPSHOT/spring-data-commons-2.6.0-SNAPSHOT.jar:/home/caodinhsyvy/.m2/repository/org/springframework/spring-orm/5.3.13-SNAPSHOT/spring-orm-5.3.13-SNAPSHOT.jar:/home/caodinhsyvy/.m2/repository/org/springframework/spring-tx/5.3.13-SNAPSHOT/spring-tx-5.3.13-SNAPSHOT.jar:/home/caodinhsyvy/.m2/repository/org/springframework/spring-aspects/5.3.13-SNAPSHOT/spring-aspects-5.3.13-SNAPSHOT.jar:/home/caodinhsyvy/.m2/repository/org/projectlombok/lombok/1.18.22/lombok-1.18.22.jar:/home/caodinhsyvy/.m2/repository/org/modelmapper/modelmapper/2.3.5/modelmapper-2.3.5.jar:/home/caodinhsyvy/.m2/repository/com/nimbusds/nimbus-jose-jwt/8.8/nimbus-jose-jwt-8.8.jar:/home/caodinhsyvy/.m2/repository/com/github/stephenc/jcip/jcip-annotations/1.0-1/jcip-annotations-1.0-1.jar:/home/caodinhsyvy/.m2/repository/net/minidev/json-smart/2.4.7/json-smart-2.4.7.jar:/home/caodinhsyvy/.m2/repository/net/minidev/accessors-smart/2.4.7/accessors-smart-2.4.7.jar:/home/caodinhsyvy/.m2/repository/org/ow2/asm/asm/9.1/asm-9.1.jar:/home/caodinhsyvy/.m2/repository/org/springframework/boot/spring-boot-starter-websocket/2.6.0-SNAPSHOT/spring-boot-starter-websocket-2.6.0-SNAPSHOT.jar:/home/caodinhsyvy/.m2/repository/org/springframework/spring-messaging/5.3.13-SNAPSHOT/spring-messaging-5.3.13-SNAPSHOT.jar:/home/caodinhsyvy/.m2/repository/org/springframework/spring-websocket/5.3.13-SNAPSHOT/spring-websocket-5.3.13-SNAPSHOT.jar:/home/caodinhsyvy/.m2/repository/org/webjars/webjars-locator-core/0.48/webjars-locator-core-0.48.jar:/home/caodinhsyvy/.m2/repository/org/slf4j/slf4j-api/1.7.32/slf4j-api-1.7.32.jar:/home/caodinhsyvy/.m2/repository/io/github/classgraph/classgraph/4.8.115/classgraph-4.8.115.jar:/home/caodinhsyvy/.m2/repository/com/fasterxml/jackson/core/jackson-core/2.13.0/jackson-core-2.13.0.jar:/home/caodinhsyvy/.m2/repository/org/webjars/sockjs-client/1.0.2/sockjs-client-1.0.2.jar:/home/caodinhsyvy/.m2/repository/org/webjars/stomp-websocket/2.3.3/stomp-websocket-2.3.3.jar:/home/caodinhsyvy/.m2/repository/org/webjars/bootstrap/3.3.7/bootstrap-3.3.7.jar:/home/caodinhsyvy/.m2/repository/org/webjars/jquery/3.1.1-1/jquery-3.1.1-1.jar:/home/caodinhsyvy/.m2/repository/org/postgresql/postgresql/9.4-1206-jdbc42/postgresql-9.4-1206-jdbc42.jar:"/>
    <property name="sun.cpu.endian" value="little"/>
    <property name="user.home" value="/home/caodinhsyvy"/>
    <property name="user.language" value="en"/>
    <property name="java.specification.vendor" value="Oracle Corporation"/>
    <property name="java.version.date" value="2021-04-20"/>
    <property name="java.home" value="/usr/lib/jvm/java-11-openjdk-amd64"/>
    <property name="file.separator" value="/"/>
    <property name="basedir" value="/media/DATA/IntelliJ_workspace/itpro-faceshow"/>
    <property name="java.vm.compressedOopsMode" value="32-bit"/>
    <property name="line.separator" value="&#10;"/>
    <property name="java.specification.name" value="Java Platform API Specification"/>
    <property name="java.vm.specification.vendor" value="Oracle Corporation"/>
    <property name="java.awt.graphicsenv" value="sun.awt.X11GraphicsEnvironment"/>
    <property name="surefire.real.class.path" value="/media/DATA/IntelliJ_workspace/itpro-faceshow/target/surefire/surefirebooter3931759821612462632.jar"/>
    <property name="sun.management.compiler" value="HotSpot 64-Bit Tiered Compilers"/>
    <property name="java.runtime.version" value="11.0.11+9-Ubuntu-0ubuntu2.20.04"/>
    <property name="user.name" value="caodinhsyvy"/>
    <property name="path.separator" value=":"/>
    <property name="os.version" value="5.11.0-38-generic"/>
    <property name="java.runtime.name" value="OpenJDK Runtime Environment"/>
    <property name="file.encoding" value="UTF-8"/>
    <property name="java.vm.name" value="OpenJDK 64-Bit Server VM"/>
    <property name="localRepository" value="/home/caodinhsyvy/.m2/repository"/>
    <property name="java.vendor.url.bug" value="https://bugs.launchpad.net/ubuntu/+source/openjdk-lts"/>
    <property name="java.io.tmpdir" value="/tmp"/>
    <property name="idea.version" value="2021.2.3"/>
    <property name="java.version" value="11.0.11"/>
    <property name="user.dir" value="/media/DATA/IntelliJ_workspace/itpro-faceshow"/>
    <property name="os.arch" value="amd64"/>
    <property name="java.vm.specification.name" value="Java Virtual Machine Specification"/>
    <property name="java.awt.printerjob" value="sun.print.PSPrinterJob"/>
    <property name="sun.os.patch.level" value="unknown"/>
    <property name="java.library.path" value="/usr/java/packages/lib:/usr/lib/x86_64-linux-gnu/jni:/lib/x86_64-linux-gnu:/usr/lib/x86_64-linux-gnu:/usr/lib/jni:/lib:/usr/lib"/>
    <property name="java.vm.info" value="mixed mode"/>
    <property name="java.vendor" value="Ubuntu"/>
    <property name="java.vm.version" value="11.0.11+9-Ubuntu-0ubuntu2.20.04"/>
    <property name="sun.io.unicode.encoding" value="UnicodeLittle"/>
    <property name="maven.repo.local" value="/home/caodinhsyvy/.m2/repository"/>
    <property name="java.class.version" value="55.0"/>
  </properties>
  <testcase name="contextLoads" classname="com.itprofaceshow.ItproFaceshowApplicationTests" time="0.181"/>
</testsuite>